Log file open, 05/16/23 21:09:29
LogWindows: Failed to load 'aqProf.dll' (GetLastError=126)
LogWindows: File 'aqProf.dll' does not exist
LogWindows: Failed to load 'VtuneApi.dll' (GetLastError=126)
LogWindows: File 'VtuneApi.dll' does not exist
LogWindows: Failed to load 'VtuneApi32e.dll' (GetLastError=126)
LogWindows: File 'VtuneApi32e.dll' does not exist
LogConsoleResponse: Display: Failed to find resolution value strings in scalability ini. Falling back to default.
LogConsoleResponse: Display: Failed to find resolution value strings in scalability ini. Falling back to default.
LogPakFile: Display: Found Pak file ../../../Praktinis/Content/Paks/Praktinis-WindowsNoEditor.pak attempting to mount.
LogPakFile: Display: Mounting pak file ../../../Praktinis/Content/Paks/Praktinis-WindowsNoEditor.pak.
LogPakFile: PakFile PrimaryIndexSize=54070
LogPakFile: PakFile PathHashIndexSize=55435
LogPakFile: PakFile FullDirectoryIndexSize=93666
LogShaderLibrary: Display: ShaderCodeLibraryPakFileMountedCallback: PakFile '../../../Praktinis/Content/Paks/Praktinis-WindowsNoEditor.pak' (chunk index -1, root '../../../') mounted
LogShaderLibrary: Display: ShaderCodeLibraryPakFileMountedCallback: pending pak file info (ChunkID:-1 Root:../../../ File:../../../Praktinis/Content/Paks/Praktinis-WindowsNoEditor.pak)
LogPakFile: OnPakFileMounted2Time == 0.000067
LogPlatformFile: Not using cached read wrapper
LogTaskGraph: Started task graph with 5 named threads and 35 total threads with 3 sets of task threads.
LogStats: Stats thread started at 0.130712
LogICUInternationalization: ICU TimeZone Detection - Raw Offset: +2:00, Platform Override: ''
LogInit: Display: Loading text-based GConfig....
LogPluginManager: Mounting plugin MultiUserClient
LogPluginManager: Mounting plugin ConcertSyncClient
LogPluginManager: Mounting plugin ConcertSyncCore
LogPluginManager: Mounting plugin ConcertMain
LogPluginManager: Mounting plugin SQLiteCore
LogPluginManager: Mounting plugin MultiUserTakes
LogPluginManager: Mounting plugin Takes
LogPluginManager: Mounting plugin LevelSequenceEditor
LogPluginManager: Mounting plugin LDAssistant
LogPluginManager: Mounting plugin EditorScriptingUtilities
LogPluginManager: Mounting plugin AchievementSystem
LogPluginManager: Mounting plugin Paper2D
LogPluginManager: Mounting plugin AISupport
LogPluginManager: Mounting plugin EnvironmentQueryEditor
LogPluginManager: Mounting plugin LightPropagationVolume
LogPluginManager: Mounting plugin CameraShakePreviewer
LogPluginManager: Mounting plugin GameplayCameras
LogPluginManager: Mounting plugin TemplateSequence
LogPluginManager: Mounting plugin OodleData
LogPluginManager: Mounting plugin OodleNetwork
LogPluginManager: Mounting plugin AnimationSharing
LogPluginManager: Mounting plugin SignificanceManager
LogPluginManager: Mounting plugin PixWinPlugin
LogPluginManager: Mounting plugin PluginUtils
LogPluginManager: Mounting plugin PropertyAccessEditor
LogPluginManager: Mounting plugin UObjectPlugin
LogPluginManager: Mounting plugin AssetManagerEditor
LogPluginManager: Mounting plugin FacialAnimation
LogPluginManager: Mounting plugin GeometryMode
LogPluginManager: Mounting plugin SpeedTreeImporter
LogPluginManager: Mounting plugin DatasmithContent
LogPluginManager: Mounting plugin VariantManagerContent
LogPluginManager: Mounting plugin AlembicImporter
LogPluginManager: Mounting plugin GeometryCache
LogPluginManager: Mounting plugin AutomationUtils
LogPluginManager: Mounting plugin ScreenshotTools
LogPluginManager: Mounting plugin BackChannel
LogPluginManager: Mounting plugin ChaosClothEditor
LogPluginManager: Mounting plugin ChaosCloth
LogPluginManager: Mounting plugin ChaosEditor
LogPluginManager: Mounting plugin PlanarCut
LogPluginManager: Mounting plugin GeometryProcessing
LogPluginManager: Mounting plugin EditableMesh
LogPluginManager: Mounting plugin GeometryCollectionPlugin
LogPluginManager: Mounting plugin ProceduralMeshComponent
LogPluginManager: Mounting plugin ChaosSolverPlugin
LogPluginManager: Mounting plugin ChaosNiagara
LogPluginManager: Mounting plugin Niagara
LogPluginManager: Mounting plugin PythonScriptPlugin
LogPluginManager: Mounting plugin CharacterAI
LogPluginManager: Mounting plugin MotoSynth
LogPluginManager: Mounting plugin OpenImageDenoise
LogPluginManager: Mounting plugin PlatformCrypto
LogPluginManager: Mounting plugin MagicLeapPassableWorld
LogPluginManager: Mounting plugin MagicLeap
LogPluginManager: Mounting plugin MLSDK
LogPluginManager: Mounting plugin MagicLeapLightEstimation
LogPluginManager: Mounting plugin AvfMedia
LogPluginManager: Mounting plugin ImgMedia
LogPluginManager: Mounting plugin MediaCompositing
LogPluginManager: Mounting plugin WmfMedia
LogPluginManager: Mounting plugin MeshPainting
LogPluginManager: Mounting plugin TcpMessaging
LogPluginManager: Mounting plugin UdpMessaging
LogPluginManager: Mounting plugin ActorSequence
LogPluginManager: Mounting plugin MatineeToLevelSequence
LogPluginManager: Mounting plugin OnlineSubsystemNull
LogPluginManager: Mounting plugin OnlineSubsystem
LogPluginManager: Mounting plugin OnlineSubsystemUtils
LogPluginManager: Mounting plugin LauncherChunkInstaller
LogPluginManager: Mounting plugin ActorLayerUtilities
LogPluginManager: Mounting plugin AndroidPermission
LogPluginManager: Mounting plugin AppleImageUtils
LogPluginManager: Mounting plugin ArchVisCharacter
LogPluginManager: Mounting plugin AssetTags
LogPluginManager: Mounting plugin AudioCapture
LogPluginManager: Mounting plugin CableComponent
LogPluginManager: Mounting plugin ChunkDownloader
LogPluginManager: Mounting plugin CustomMeshComponent
LogPluginManager: Mounting plugin ExampleDeviceProfileSelector
LogPluginManager: Mounting plugin GooglePAD
LogPluginManager: Mounting plugin LocationServicesBPLibrary
LogPluginManager: Mounting plugin MobilePatchingUtils
LogPluginManager: Mounting plugin PhysXVehicles
LogPluginManager: Mounting plugin RuntimePhysXCooking
LogPluginManager: Mounting plugin SoundFields
LogPluginManager: Mounting plugin Synthesis
LogPluginManager: Mounting plugin AudioSynesthesia
LogPluginManager: Mounting plugin WebMMoviePlayer
LogPluginManager: Mounting plugin WebMMedia
LogPluginManager: Mounting plugin WindowsMoviePlayer
PixWinPlugin: PIX capture plugin failed to initialize! Check that the process is launched from PIX.
LogLuminAPIImpl: Warning: MLSDK not found.  This likely means the MLSDK environment variable is not set.
LogInit: Using libcurl 7.55.1-DEV
LogInit:  - built for x86_64-pc-win32
LogInit:  - supports SSL with OpenSSL/1.1.1
LogInit:  - supports HTTP deflate (compression) using libz 1.2.8
LogInit:  - other features:
LogInit:      CURL_VERSION_SSL
LogInit:      CURL_VERSION_LIBZ
LogInit:      CURL_VERSION_IPV6
LogInit:      CURL_VERSION_ASYNCHDNS
LogInit:      CURL_VERSION_LARGEFILE
LogInit:      CURL_VERSION_IDN
LogInit:  CurlRequestOptions (configurable via config and command line):
LogInit:  - bVerifyPeer = true  - Libcurl will verify peer certificate
LogInit:  - bUseHttpProxy = false  - Libcurl will NOT use HTTP proxy
LogInit:  - bDontReuseConnections = false  - Libcurl will reuse connections
LogInit:  - MaxHostConnections = 16  - Libcurl will limit the number of connections to a host
LogInit:  - LocalHostAddr = Default
LogInit:  - BufferSize = 65536
LogOnline: OSS: Creating online subsystem instance for: NULL
LogInit: WinSock: version 1.1 (2.2), MaxSocks=32767, MaxUdp=65467
LogOnline: OSS: TryLoadSubsystemAndSetDefault: Loaded subsystem for module [NULL]
LogInit: Build: ++UE4+Release-4.27-CL-18319896
LogInit: Engine Version: 4.27.2-18319896+++UE4+Release-4.27
LogInit: Compatible Engine Version: 4.27.0-17155196+++UE4+Release-4.27
LogInit: Net CL: 17155196
LogInit: OS: Windows 10 (Release 2009) (), CPU: Intel(R) Core(TM) i7-8700 CPU @ 3.20GHz, GPU: Radeon RX 580 Series
LogInit: Compiled (64-bit): Nov 30 2021 07:26:28
LogInit: Compiled with Visual C++: 19.16.27032.01
LogInit: Build Configuration: Development
LogInit: Branch Name: ++UE4+Release-4.27
LogInit: Command Line: 
LogInit: Base Directory: E:/Praktinis Zaidimas/Praktinis_Darbas_Zaidimas/WindowsNoEditor/Praktinis/Binaries/Win64/
LogInit: Allocator: binned2
LogInit: Installed Engine Build: 0
LogDevObjectVersion: Number of dev versions registered: 29
LogDevObjectVersion:   Dev-Blueprints (B0D832E4-1F89-4F0D-ACCF-7EB736FD4AA2): 10
LogDevObjectVersion:   Dev-Build (E1C64328-A22C-4D53-A36C-8E866417BD8C): 0
LogDevObjectVersion:   Dev-Core (375EC13C-06E4-48FB-B500-84F0262A717E): 4
LogDevObjectVersion:   Dev-Editor (E4B068ED-F494-42E9-A231-DA0B2E46BB41): 40
LogDevObjectVersion:   Dev-Framework (CFFC743F-43B0-4480-9391-14DF171D2073): 37
LogDevObjectVersion:   Dev-Mobile (B02B49B5-BB20-44E9-A304-32B752E40360): 3
LogDevObjectVersion:   Dev-Networking (A4E4105C-59A1-49B5-A7C5-40C4547EDFEE): 0
LogDevObjectVersion:   Dev-Online (39C831C9-5AE6-47DC-9A44-9C173E1C8E7C): 0
LogDevObjectVersion:   Dev-Physics (78F01B33-EBEA-4F98-B9B4-84EACCB95AA2): 14
LogDevObjectVersion:   Dev-Platform (6631380F-2D4D-43E0-8009-CF276956A95A): 0
LogDevObjectVersion:   Dev-Rendering (12F88B9F-8875-4AFC-A67C-D90C383ABD29): 45
LogDevObjectVersion:   Dev-Sequencer (7B5AE74C-D270-4C10-A958-57980B212A5A): 13
LogDevObjectVersion:   Dev-VR (D7296918-1DD6-4BDD-9DE2-64A83CC13884): 3
LogDevObjectVersion:   Dev-LoadTimes (C2A15278-BFE7-4AFE-6C17-90FF531DF755): 1
LogDevObjectVersion:   Private-Geometry (6EACA3D4-40EC-4CC1-B786-8BED09428FC5): 3
LogDevObjectVersion:   Dev-AnimPhys (29E575DD-E0A3-4627-9D10-D276232CDCEA): 17
LogDevObjectVersion:   Dev-Anim (AF43A65D-7FD3-4947-9873-3E8ED9C1BB05): 15
LogDevObjectVersion:   Dev-ReflectionCapture (6B266CEC-1EC7-4B8F-A30B-E4D90942FC07): 1
LogDevObjectVersion:   Dev-Automation (0DF73D61-A23F-47EA-B727-89E90C41499A): 1
LogDevObjectVersion:   FortniteMain (601D1886-AC64-4F84-AA16-D3DE0DEAC7D6): 47
LogDevObjectVersion:   FortniteRelease (E7086368-6B23-4C58-8439-1B7016265E91): 1
LogDevObjectVersion:   Dev-Enterprise (9DFFBCD6-494F-0158-E221-12823C92A888): 10
LogDevObjectVersion:   Dev-Niagara (F2AED0AC-9AFE-416F-8664-AA7FFA26D6FC): 1
LogDevObjectVersion:   Dev-Destruction (174F1F0B-B4C6-45A5-B13F-2EE8D0FB917D): 10
LogDevObjectVersion:   Dev-Physics-Ext (35F94A83-E258-406C-A318-09F59610247C): 41
LogDevObjectVersion:   Dev-PhysicsMaterial-Chaos (B68FC16E-8B1B-42E2-B453-215C058844FE): 1
LogDevObjectVersion:   Dev-CineCamera (B2E18506-4273-CFC2-A54E-F4BB758BBA07): 1
LogDevObjectVersion:   Dev-VirtualProduction (64F58936-FD1B-42BA-BA96-7289D5D0FA4E): 1
LogDevObjectVersion:   Dev-MediaFramework (6F0ED827-A609-4895-9C91-998D90180EA4): 2
LogInit: Presizing for max 2097152 objects, including 1 objects not considered by GC, pre-allocating 0 bytes for permanent pool.
LogConfig: Applying CVar settings from Section [/Script/Engine.StreamingSettings] File [../../../Praktinis/Saved/Config/WindowsNoEditor/Engine.ini]
LogConfig: Setting CVar [[s.MinBulkDataSizeForAsyncLoading:131072]]
LogConfig: Setting CVar [[s.AsyncLoadingThreadEnabled:0]]
LogConfig: Setting CVar [[s.EventDrivenLoaderEnabled:1]]
LogConfig: Setting CVar [[s.WarnIfTimeLimitExceeded:0]]
LogConfig: Setting CVar [[s.TimeLimitExceededMultiplier:1.5]]
LogConfig: Setting CVar [[s.TimeLimitExceededMinTime:0.005]]
LogConfig: Setting CVar [[s.UseBackgroundLevelStreaming:1]]
LogConfig: Setting CVar [[s.PriorityAsyncLoadingExtraTime:15.0]]
LogConfig: Setting CVar [[s.LevelStreamingActorsUpdateTimeLimit:5.0]]
LogConfig: Setting CVar [[s.PriorityLevelStreamingActorsUpdateExtraTime:5.0]]
LogConfig: Setting CVar [[s.LevelStreamingComponentsRegistrationGranularity:10]]
LogConfig: Setting CVar [[s.UnregisterComponentsTimeLimit:1.0]]
LogConfig: Setting CVar [[s.LevelStreamingComponentsUnregistrationGranularity:5]]
LogConfig: Setting CVar [[s.FlushStreamingOnExit:1]]
LogStreaming: Display: Async Loading initialized: Event Driven Loader: true, Async Loading Thread: false, Async Post Load: true
LogInit: Object subsystem initialized
LogConfig: Setting CVar [[con.DebugEarlyDefault:1]]
LogConfig: Setting CVar [[r.setres:1280x720]]
LogConfig: Setting CVar [[fx.NiagaraAllowRuntimeScalabilityChanges:1]]
[2023.05.16-18.09.29:342][  0]LogConfig: Setting CVar [[con.DebugEarlyDefault:1]]
[2023.05.16-18.09.29:342][  0]LogConfig: Setting CVar [[r.setres:1280x720]]
[2023.05.16-18.09.29:342][  0]LogConfig: Setting CVar [[fx.NiagaraAllowRuntimeScalabilityChanges:1]]
[2023.05.16-18.09.29:342][  0]LogConfig: Applying CVar settings from Section [/Script/Engine.RendererSettings] File [../../../Praktinis/Saved/Config/WindowsNoEditor/Engine.ini]
[2023.05.16-18.09.29:342][  0]LogConfig: Setting CVar [[r.GPUCrashDebugging:0]]
[2023.05.16-18.09.29:343][  0]LogConfig: Applying CVar settings from Section [/Script/Engine.RendererOverrideSettings] File [../../../Praktinis/Saved/Config/WindowsNoEditor/Engine.ini]
[2023.05.16-18.09.29:343][  0]LogConfig: Applying CVar settings from Section [/Script/Engine.StreamingSettings] File [../../../Praktinis/Saved/Config/WindowsNoEditor/Engine.ini]
[2023.05.16-18.09.29:343][  0]LogConfig: Setting CVar [[s.MinBulkDataSizeForAsyncLoading:131072]]
[2023.05.16-18.09.29:343][  0]LogConfig: Setting CVar [[s.AsyncLoadingThreadEnabled:0]]
[2023.05.16-18.09.29:343][  0]LogConfig: Setting CVar [[s.EventDrivenLoaderEnabled:1]]
[2023.05.16-18.09.29:343][  0]LogConfig: Setting CVar [[s.WarnIfTimeLimitExceeded:0]]
[2023.05.16-18.09.29:343][  0]LogConfig: Setting CVar [[s.TimeLimitExceededMultiplier:1.5]]
[2023.05.16-18.09.29:343][  0]LogConfig: Setting CVar [[s.TimeLimitExceededMinTime:0.005]]
[2023.05.16-18.09.29:343][  0]LogConfig: Setting CVar [[s.UseBackgroundLevelStreaming:1]]
[2023.05.16-18.09.29:343][  0]LogConfig: Setting CVar [[s.PriorityAsyncLoadingExtraTime:15.0]]
[2023.05.16-18.09.29:343][  0]LogConfig: Setting CVar [[s.LevelStreamingActorsUpdateTimeLimit:5.0]]
[2023.05.16-18.09.29:343][  0]LogConfig: Setting CVar [[s.PriorityLevelStreamingActorsUpdateExtraTime:5.0]]
[2023.05.16-18.09.29:343][  0]LogConfig: Setting CVar [[s.LevelStreamingComponentsRegistrationGranularity:10]]
[2023.05.16-18.09.29:343][  0]LogConfig: Setting CVar [[s.UnregisterComponentsTimeLimit:1.0]]
[2023.05.16-18.09.29:343][  0]LogConfig: Setting CVar [[s.LevelStreamingComponentsUnregistrationGranularity:5]]
[2023.05.16-18.09.29:343][  0]LogConfig: Setting CVar [[s.FlushStreamingOnExit:1]]
[2023.05.16-18.09.29:343][  0]LogConfig: Applying CVar settings from Section [/Script/Engine.GarbageCollectionSettings] File [../../../Praktinis/Saved/Config/WindowsNoEditor/Engine.ini]
[2023.05.16-18.09.29:343][  0]LogConfig: Setting CVar [[gc.MaxObjectsNotConsideredByGC:1]]
[2023.05.16-18.09.29:343][  0]LogConfig: Setting CVar [[gc.SizeOfPermanentObjectPool:0]]
[2023.05.16-18.09.29:343][  0]LogConfig: Setting CVar [[gc.FlushStreamingOnGC:0]]
[2023.05.16-18.09.29:343][  0]LogConfig: Setting CVar [[gc.NumRetriesBeforeForcingGC:10]]
[2023.05.16-18.09.29:343][  0]LogConfig: Setting CVar [[gc.AllowParallelGC:1]]
[2023.05.16-18.09.29:343][  0]LogConfig: Setting CVar [[gc.TimeBetweenPurgingPendingKillObjects:61.1]]
[2023.05.16-18.09.29:343][  0]LogConfig: Setting CVar [[gc.MaxObjectsInEditor:25165824]]
[2023.05.16-18.09.29:343][  0]LogConfig: Setting CVar [[gc.IncrementalBeginDestroyEnabled:1]]
[2023.05.16-18.09.29:343][  0]LogConfig: Setting CVar [[gc.CreateGCClusters:1]]
[2023.05.16-18.09.29:343][  0]LogConfig: Setting CVar [[gc.MinGCClusterSize:5]]
[2023.05.16-18.09.29:343][  0]LogConfig: Setting CVar [[gc.ActorClusteringEnabled:0]]
[2023.05.16-18.09.29:343][  0]LogConfig: Setting CVar [[gc.BlueprintClusteringEnabled:0]]
[2023.05.16-18.09.29:343][  0]LogConfig: Setting CVar [[gc.UseDisregardForGCOnDedicatedServers:0]]
[2023.05.16-18.09.29:343][  0]LogConfig: Setting CVar [[gc.MultithreadedDestructionEnabled:1]]
[2023.05.16-18.09.29:343][  0]LogConfig: Applying CVar settings from Section [/Script/Engine.NetworkSettings] File [../../../Praktinis/Saved/Config/WindowsNoEditor/Engine.ini]
[2023.05.16-18.09.29:358][  0]LogConfig: Applying CVar settings from Section [ViewDistanceQuality@3] File [../../../Praktinis/Saved/Config/WindowsNoEditor/Scalability.ini]
[2023.05.16-18.09.29:358][  0]LogConfig: Setting CVar [[r.SkeletalMeshLODBias:0]]
[2023.05.16-18.09.29:358][  0]LogConfig: Setting CVar [[r.ViewDistanceScale:1.0]]
[2023.05.16-18.09.29:358][  0]LogConfig: Applying CVar settings from Section [AntiAliasingQuality@3] File [../../../Praktinis/Saved/Config/WindowsNoEditor/Scalability.ini]
[2023.05.16-18.09.29:358][  0]LogConfig: Setting CVar [[r.PostProcessAAQuality:4]]
[2023.05.16-18.09.29:358][  0]LogConfig: Applying CVar settings from Section [ShadowQuality@3] File [../../../Praktinis/Saved/Config/WindowsNoEditor/Scalability.ini]
[2023.05.16-18.09.29:358][  0]LogConfig: Setting CVar [[r.LightFunctionQuality:1]]
[2023.05.16-18.09.29:358][  0]LogConfig: Setting CVar [[r.ShadowQuality:5]]
[2023.05.16-18.09.29:358][  0]LogConfig: Setting CVar [[r.Shadow.CSM.MaxCascades:10]]
[2023.05.16-18.09.29:358][  0]LogConfig: Setting CVar [[r.Shadow.MaxResolution:2048]]
[2023.05.16-18.09.29:358][  0]LogConfig: Setting CVar [[r.Shadow.MaxCSMResolution:2048]]
[2023.05.16-18.09.29:358][  0]LogConfig: Setting CVar [[r.Shadow.RadiusThreshold:0.01]]
[2023.05.16-18.09.29:358][  0]LogConfig: Setting CVar [[r.Shadow.DistanceScale:1.0]]
[2023.05.16-18.09.29:358][  0]LogConfig: Setting CVar [[r.Shadow.CSM.TransitionScale:1.0]]
[2023.05.16-18.09.29:358][  0]LogConfig: Setting CVar [[r.Shadow.PreShadowResolutionFactor:1.0]]
[2023.05.16-18.09.29:358][  0]LogConfig: Setting CVar [[r.DistanceFieldShadowing:1]]
[2023.05.16-18.09.29:358][  0]LogConfig: Setting CVar [[r.DistanceFieldAO:1]]
[2023.05.16-18.09.29:358][  0]LogConfig: Setting CVar [[r.AOQuality:2]]
[2023.05.16-18.09.29:358][  0]LogConfig: Setting CVar [[r.VolumetricFog:1]]
[2023.05.16-18.09.29:358][  0]LogConfig: Setting CVar [[r.VolumetricFog.GridPixelSize:8]]
[2023.05.16-18.09.29:358][  0]LogConfig: Setting CVar [[r.VolumetricFog.GridSizeZ:128]]
[2023.05.16-18.09.29:358][  0]LogConfig: Setting CVar [[r.VolumetricFog.HistoryMissSupersampleCount:4]]
[2023.05.16-18.09.29:358][  0]LogConfig: Setting CVar [[r.LightMaxDrawDistanceScale:1]]
[2023.05.16-18.09.29:358][  0]LogConfig: Setting CVar [[r.CapsuleShadows:1]]
[2023.05.16-18.09.29:358][  0]LogConfig: Applying CVar settings from Section [PostProcessQuality@3] File [../../../Praktinis/Saved/Config/WindowsNoEditor/Scalability.ini]
[2023.05.16-18.09.29:358][  0]LogConfig: Setting CVar [[r.MotionBlurQuality:4]]
[2023.05.16-18.09.29:358][  0]LogConfig: Setting CVar [[r.AmbientOcclusionMipLevelFactor:0.4]]
[2023.05.16-18.09.29:358][  0]LogConfig: Setting CVar [[r.AmbientOcclusionMaxQuality:100]]
[2023.05.16-18.09.29:358][  0]LogConfig: Setting CVar [[r.AmbientOcclusionLevels:-1]]
[2023.05.16-18.09.29:358][  0]LogConfig: Setting CVar [[r.AmbientOcclusionRadiusScale:1.0]]
[2023.05.16-18.09.29:358][  0]LogConfig: Setting CVar [[r.DepthOfFieldQuality:2]]
[2023.05.16-18.09.29:358][  0]LogConfig: Setting CVar [[r.RenderTargetPoolMin:400]]
[2023.05.16-18.09.29:358][  0]LogConfig: Setting CVar [[r.LensFlareQuality:2]]
[2023.05.16-18.09.29:358][  0]LogConfig: Setting CVar [[r.SceneColorFringeQuality:1]]
[2023.05.16-18.09.29:358][  0]LogConfig: Setting CVar [[r.EyeAdaptationQuality:2]]
[2023.05.16-18.09.29:358][  0]LogConfig: Setting CVar [[r.BloomQuality:5]]
[2023.05.16-18.09.29:358][  0]LogConfig: Setting CVar [[r.FastBlurThreshold:100]]
[2023.05.16-18.09.29:358][  0]LogConfig: Setting CVar [[r.Upscale.Quality:3]]
[2023.05.16-18.09.29:358][  0]LogConfig: Setting CVar [[r.Tonemapper.GrainQuantization:1]]
[2023.05.16-18.09.29:358][  0]LogConfig: Setting CVar [[r.LightShaftQuality:1]]
[2023.05.16-18.09.29:358][  0]LogConfig: Setting CVar [[r.Filter.SizeScale:1]]
[2023.05.16-18.09.29:358][  0]LogConfig: Setting CVar [[r.Tonemapper.Quality:5]]
[2023.05.16-18.09.29:358][  0]LogConfig: Setting CVar [[r.DOF.Gather.AccumulatorQuality:1        ; higher gathering accumulator quality]]
[2023.05.16-18.09.29:358][  0]LogConfig: Setting CVar [[r.DOF.Gather.PostfilterMethod:1          ; Median3x3 postfilering method]]
[2023.05.16-18.09.29:358][  0]LogConfig: Setting CVar [[r.DOF.Gather.EnableBokehSettings:0       ; no bokeh simulation when gathering]]
[2023.05.16-18.09.29:358][  0]LogConfig: Setting CVar [[r.DOF.Gather.RingCount:4                 ; medium number of samples when gathering]]
[2023.05.16-18.09.29:358][  0]LogConfig: Setting CVar [[r.DOF.Scatter.ForegroundCompositing:1    ; additive foreground scattering]]
[2023.05.16-18.09.29:358][  0]LogConfig: Setting CVar [[r.DOF.Scatter.BackgroundCompositing:2    ; additive background scattering]]
[2023.05.16-18.09.29:358][  0]LogConfig: Setting CVar [[r.DOF.Scatter.EnableBokehSettings:1      ; bokeh simulation when scattering]]
[2023.05.16-18.09.29:358][  0]LogConfig: Setting CVar [[r.DOF.Scatter.MaxSpriteRatio:0.1         ; only a maximum of 10% of scattered bokeh]]
[2023.05.16-18.09.29:358][  0]LogConfig: Setting CVar [[r.DOF.Recombine.Quality:1                ; cheap slight out of focus]]
[2023.05.16-18.09.29:358][  0]LogConfig: Setting CVar [[r.DOF.Recombine.EnableBokehSettings:0    ; no bokeh simulation on slight out of focus]]
[2023.05.16-18.09.29:358][  0]LogConfig: Setting CVar [[r.DOF.TemporalAAQuality:1                ; more stable temporal accumulation]]
[2023.05.16-18.09.29:359][  0]LogConfig: Setting CVar [[r.DOF.Kernel.MaxForegroundRadius:0.025]]
[2023.05.16-18.09.29:359][  0]LogConfig: Setting CVar [[r.DOF.Kernel.MaxBackgroundRadius:0.025]]
[2023.05.16-18.09.29:359][  0]LogConfig: Applying CVar settings from Section [TextureQuality@3] File [../../../Praktinis/Saved/Config/WindowsNoEditor/Scalability.ini]
[2023.05.16-18.09.29:359][  0]LogConfig: Setting CVar [[r.Streaming.MipBias:0]]
[2023.05.16-18.09.29:359][  0]LogConfig: Setting CVar [[r.Streaming.AmortizeCPUToGPUCopy:0]]
[2023.05.16-18.09.29:359][  0]LogConfig: Setting CVar [[r.Streaming.MaxNumTexturesToStreamPerFrame:0]]
[2023.05.16-18.09.29:359][  0]LogConfig: Setting CVar [[r.Streaming.Boost:1]]
[2023.05.16-18.09.29:359][  0]LogConfig: Setting CVar [[r.MaxAnisotropy:8]]
[2023.05.16-18.09.29:359][  0]LogConfig: Setting CVar [[r.VT.MaxAnisotropy:8]]
[2023.05.16-18.09.29:359][  0]LogConfig: Setting CVar [[r.Streaming.LimitPoolSizeToVRAM:0]]
[2023.05.16-18.09.29:359][  0]LogConfig: Setting CVar [[r.Streaming.PoolSize:1000]]
[2023.05.16-18.09.29:359][  0]LogConfig: Setting CVar [[r.Streaming.MaxEffectiveScreenSize:0]]
[2023.05.16-18.09.29:359][  0]LogConfig: Applying CVar settings from Section [EffectsQuality@3] File [../../../Praktinis/Saved/Config/WindowsNoEditor/Scalability.ini]
[2023.05.16-18.09.29:359][  0]LogConfig: Setting CVar [[r.TranslucencyLightingVolumeDim:64]]
[2023.05.16-18.09.29:359][  0]LogConfig: Setting CVar [[r.RefractionQuality:2]]
[2023.05.16-18.09.29:359][  0]LogConfig: Setting CVar [[r.SSR.Quality:3]]
[2023.05.16-18.09.29:359][  0]LogConfig: Setting CVar [[r.SSR.HalfResSceneColor:0]]
[2023.05.16-18.09.29:359][  0]LogConfig: Setting CVar [[r.SceneColorFormat:4]]
[2023.05.16-18.09.29:359][  0]LogConfig: Setting CVar [[r.DetailMode:2]]
[2023.05.16-18.09.29:359][  0]LogConfig: Setting CVar [[r.TranslucencyVolumeBlur:1]]
[2023.05.16-18.09.29:359][  0]LogConfig: Setting CVar [[r.MaterialQualityLevel:1 ; High quality]]
[2023.05.16-18.09.29:359][  0]LogConfig: Setting CVar [[r.AnisotropicMaterials:1]]
[2023.05.16-18.09.29:359][  0]LogConfig: Setting CVar [[r.SSS.Scale:1]]
[2023.05.16-18.09.29:359][  0]LogConfig: Setting CVar [[r.SSS.SampleSet:2]]
[2023.05.16-18.09.29:359][  0]LogConfig: Setting CVar [[r.SSS.Quality:1]]
[2023.05.16-18.09.29:359][  0]LogConfig: Setting CVar [[r.SSS.HalfRes:0]]
[2023.05.16-18.09.29:359][  0]LogConfig: Setting CVar [[r.SSGI.Quality:3]]
[2023.05.16-18.09.29:359][  0]LogConfig: Setting CVar [[r.EmitterSpawnRateScale:1.0]]
[2023.05.16-18.09.29:359][  0]LogConfig: Setting CVar [[r.ParticleLightQuality:2]]
[2023.05.16-18.09.29:359][  0]LogConfig: Setting CVar [[r.SkyAtmosphere.AerialPerspectiveLUT.FastApplyOnOpaque:1 ; Always have FastSkyLUT 1 in this case to avoid wrong sky]]
[2023.05.16-18.09.29:359][  0]LogConfig: Setting CVar [[r.SkyAtmosphere.AerialPerspectiveLUT.SampleCountMaxPerSlice:4]]
[2023.05.16-18.09.29:359][  0]LogConfig: Setting CVar [[r.SkyAtmosphere.AerialPerspectiveLUT.DepthResolution:16.0]]
[2023.05.16-18.09.29:359][  0]LogConfig: Setting CVar [[r.SkyAtmosphere.FastSkyLUT:1]]
[2023.05.16-18.09.29:359][  0]LogConfig: Setting CVar [[r.SkyAtmosphere.FastSkyLUT.SampleCountMin:4.0]]
[2023.05.16-18.09.29:359][  0]LogConfig: Setting CVar [[r.SkyAtmosphere.FastSkyLUT.SampleCountMax:128.0]]
[2023.05.16-18.09.29:359][  0]LogConfig: Setting CVar [[r.SkyAtmosphere.SampleCountMin:4.0]]
[2023.05.16-18.09.29:359][  0]LogConfig: Setting CVar [[r.SkyAtmosphere.SampleCountMax:128.0]]
[2023.05.16-18.09.29:359][  0]LogConfig: Setting CVar [[r.SkyAtmosphere.TransmittanceLUT.UseSmallFormat:0]]
[2023.05.16-18.09.29:359][  0]LogConfig: Setting CVar [[r.SkyAtmosphere.TransmittanceLUT.SampleCount:10.0]]
[2023.05.16-18.09.29:359][  0]LogConfig: Setting CVar [[r.SkyAtmosphere.MultiScatteringLUT.SampleCount:15.0]]
[2023.05.16-18.09.29:359][  0]LogConfig: Setting CVar [[r.SkyLight.RealTimeReflectionCapture:1]]
[2023.05.16-18.09.29:359][  0]LogConfig: Setting CVar [[fx.Niagara.QualityLevel:3]]
[2023.05.16-18.09.29:359][  0]LogConfig: Applying CVar settings from Section [FoliageQuality@3] File [../../../Praktinis/Saved/Config/WindowsNoEditor/Scalability.ini]
[2023.05.16-18.09.29:359][  0]LogConfig: Setting CVar [[foliage.DensityScale:1.0]]
[2023.05.16-18.09.29:359][  0]LogConfig: Setting CVar [[grass.DensityScale:1.0]]
[2023.05.16-18.09.29:359][  0]LogConfig: Applying CVar settings from Section [ShadingQuality@3] File [../../../Praktinis/Saved/Config/WindowsNoEditor/Scalability.ini]
[2023.05.16-18.09.29:359][  0]LogConfig: Setting CVar [[r.HairStrands.SkyLighting.IntegrationType:2]]
[2023.05.16-18.09.29:359][  0]LogConfig: Setting CVar [[r.HairStrands.SkyAO.SampleCount:4]]
[2023.05.16-18.09.29:359][  0]LogConfig: Setting CVar [[r.HairStrands.Visibility.MSAA.SamplePerPixel:4]]
[2023.05.16-18.09.29:359][  0]LogInit: Selected Device Profile: [WindowsNoEditor]
[2023.05.16-18.09.29:359][  0]LogInit: Applying CVar settings loaded from the selected device profile: [WindowsNoEditor]
[2023.05.16-18.09.29:359][  0]LogHAL: Display: Platform has ~ 32 GB [34283790336 / 34359738368 / 32], which maps to Largest [LargestMinGB=32, LargerMinGB=12, DefaultMinGB=8, SmallerMinGB=6, SmallestMinGB=0)
[2023.05.16-18.09.29:359][  0]LogInit: Going up to parent DeviceProfile [Windows]
[2023.05.16-18.09.29:359][  0]LogInit: Going up to parent DeviceProfile []
[2023.05.16-18.09.29:360][  0]LogConfig: Applying CVar settings from Section [ViewDistanceQuality@3] File [../../../Praktinis/Saved/Config/WindowsNoEditor/Scalability.ini]
[2023.05.16-18.09.29:360][  0]LogConfig: Setting CVar [[r.SkeletalMeshLODBias:0]]
[2023.05.16-18.09.29:360][  0]LogConfig: Setting CVar [[r.ViewDistanceScale:1.0]]
[2023.05.16-18.09.29:360][  0]LogConfig: Applying CVar settings from Section [AntiAliasingQuality@3] File [../../../Praktinis/Saved/Config/WindowsNoEditor/Scalability.ini]
[2023.05.16-18.09.29:360][  0]LogConfig: Setting CVar [[r.PostProcessAAQuality:4]]
[2023.05.16-18.09.29:360][  0]LogConfig: Applying CVar settings from Section [ShadowQuality@3] File [../../../Praktinis/Saved/Config/WindowsNoEditor/Scalability.ini]
[2023.05.16-18.09.29:360][  0]LogConfig: Setting CVar [[r.LightFunctionQuality:1]]
[2023.05.16-18.09.29:360][  0]LogConfig: Setting CVar [[r.ShadowQuality:5]]
[2023.05.16-18.09.29:360][  0]LogConfig: Setting CVar [[r.Shadow.CSM.MaxCascades:10]]
[2023.05.16-18.09.29:360][  0]LogConfig: Setting CVar [[r.Shadow.MaxResolution:2048]]
[2023.05.16-18.09.29:360][  0]LogConfig: Setting CVar [[r.Shadow.MaxCSMResolution:2048]]
[2023.05.16-18.09.29:360][  0]LogConfig: Setting CVar [[r.Shadow.RadiusThreshold:0.01]]
[2023.05.16-18.09.29:360][  0]LogConfig: Setting CVar [[r.Shadow.DistanceScale:1.0]]
[2023.05.16-18.09.29:360][  0]LogConfig: Setting CVar [[r.Shadow.CSM.TransitionScale:1.0]]
[2023.05.16-18.09.29:360][  0]LogConfig: Setting CVar [[r.Shadow.PreShadowResolutionFactor:1.0]]
[2023.05.16-18.09.29:360][  0]LogConfig: Setting CVar [[r.DistanceFieldShadowing:1]]
[2023.05.16-18.09.29:360][  0]LogConfig: Setting CVar [[r.DistanceFieldAO:1]]
[2023.05.16-18.09.29:360][  0]LogConfig: Setting CVar [[r.AOQuality:2]]
[2023.05.16-18.09.29:360][  0]LogConfig: Setting CVar [[r.VolumetricFog:1]]
[2023.05.16-18.09.29:360][  0]LogConfig: Setting CVar [[r.VolumetricFog.GridPixelSize:8]]
[2023.05.16-18.09.29:360][  0]LogConfig: Setting CVar [[r.VolumetricFog.GridSizeZ:128]]
[2023.05.16-18.09.29:360][  0]LogConfig: Setting CVar [[r.VolumetricFog.HistoryMissSupersampleCount:4]]
[2023.05.16-18.09.29:360][  0]LogConfig: Setting CVar [[r.LightMaxDrawDistanceScale:1]]
[2023.05.16-18.09.29:360][  0]LogConfig: Setting CVar [[r.CapsuleShadows:1]]
[2023.05.16-18.09.29:360][  0]LogConfig: Applying CVar settings from Section [PostProcessQuality@3] File [../../../Praktinis/Saved/Config/WindowsNoEditor/Scalability.ini]
[2023.05.16-18.09.29:360][  0]LogConfig: Setting CVar [[r.MotionBlurQuality:4]]
[2023.05.16-18.09.29:360][  0]LogConfig: Setting CVar [[r.AmbientOcclusionMipLevelFactor:0.4]]
[2023.05.16-18.09.29:360][  0]LogConfig: Setting CVar [[r.AmbientOcclusionMaxQuality:100]]
[2023.05.16-18.09.29:360][  0]LogConfig: Setting CVar [[r.AmbientOcclusionLevels:-1]]
[2023.05.16-18.09.29:360][  0]LogConfig: Setting CVar [[r.AmbientOcclusionRadiusScale:1.0]]
[2023.05.16-18.09.29:360][  0]LogConfig: Setting CVar [[r.DepthOfFieldQuality:2]]
[2023.05.16-18.09.29:360][  0]LogConfig: Setting CVar [[r.RenderTargetPoolMin:400]]
[2023.05.16-18.09.29:360][  0]LogConfig: Setting CVar [[r.LensFlareQuality:2]]
[2023.05.16-18.09.29:360][  0]LogConfig: Setting CVar [[r.SceneColorFringeQuality:1]]
[2023.05.16-18.09.29:360][  0]LogConfig: Setting CVar [[r.EyeAdaptationQuality:2]]
[2023.05.16-18.09.29:360][  0]LogConfig: Setting CVar [[r.BloomQuality:5]]
[2023.05.16-18.09.29:360][  0]LogConfig: Setting CVar [[r.FastBlurThreshold:100]]
[2023.05.16-18.09.29:360][  0]LogConfig: Setting CVar [[r.Upscale.Quality:3]]
[2023.05.16-18.09.29:360][  0]LogConfig: Setting CVar [[r.Tonemapper.GrainQuantization:1]]
[2023.05.16-18.09.29:360][  0]LogConfig: Setting CVar [[r.LightShaftQuality:1]]
[2023.05.16-18.09.29:360][  0]LogConfig: Setting CVar [[r.Filter.SizeScale:1]]
[2023.05.16-18.09.29:360][  0]LogConfig: Setting CVar [[r.Tonemapper.Quality:5]]
[2023.05.16-18.09.29:360][  0]LogConfig: Setting CVar [[r.DOF.Gather.AccumulatorQuality:1        ; higher gathering accumulator quality]]
[2023.05.16-18.09.29:360][  0]LogConfig: Setting CVar [[r.DOF.Gather.PostfilterMethod:1          ; Median3x3 postfilering method]]
[2023.05.16-18.09.29:360][  0]LogConfig: Setting CVar [[r.DOF.Gather.EnableBokehSettings:0       ; no bokeh simulation when gathering]]
[2023.05.16-18.09.29:360][  0]LogConfig: Setting CVar [[r.DOF.Gather.RingCount:4                 ; medium number of samples when gathering]]
[2023.05.16-18.09.29:360][  0]LogConfig: Setting CVar [[r.DOF.Scatter.ForegroundCompositing:1    ; additive foreground scattering]]
[2023.05.16-18.09.29:360][  0]LogConfig: Setting CVar [[r.DOF.Scatter.BackgroundCompositing:2    ; additive background scattering]]
[2023.05.16-18.09.29:360][  0]LogConfig: Setting CVar [[r.DOF.Scatter.EnableBokehSettings:1      ; bokeh simulation when scattering]]
[2023.05.16-18.09.29:360][  0]LogConfig: Setting CVar [[r.DOF.Scatter.MaxSpriteRatio:0.1         ; only a maximum of 10% of scattered bokeh]]
[2023.05.16-18.09.29:360][  0]LogConfig: Setting CVar [[r.DOF.Recombine.Quality:1                ; cheap slight out of focus]]
[2023.05.16-18.09.29:360][  0]LogConfig: Setting CVar [[r.DOF.Recombine.EnableBokehSettings:0    ; no bokeh simulation on slight out of focus]]
[2023.05.16-18.09.29:360][  0]LogConfig: Setting CVar [[r.DOF.TemporalAAQuality:1                ; more stable temporal accumulation]]
[2023.05.16-18.09.29:360][  0]LogConfig: Setting CVar [[r.DOF.Kernel.MaxForegroundRadius:0.025]]
[2023.05.16-18.09.29:360][  0]LogConfig: Setting CVar [[r.DOF.Kernel.MaxBackgroundRadius:0.025]]
[2023.05.16-18.09.29:360][  0]LogConfig: Applying CVar settings from Section [TextureQuality@3] File [../../../Praktinis/Saved/Config/WindowsNoEditor/Scalability.ini]
[2023.05.16-18.09.29:360][  0]LogConfig: Setting CVar [[r.Streaming.MipBias:0]]
[2023.05.16-18.09.29:360][  0]LogConfig: Setting CVar [[r.Streaming.AmortizeCPUToGPUCopy:0]]
[2023.05.16-18.09.29:360][  0]LogConfig: Setting CVar [[r.Streaming.MaxNumTexturesToStreamPerFrame:0]]
[2023.05.16-18.09.29:360][  0]LogConfig: Setting CVar [[r.Streaming.Boost:1]]
[2023.05.16-18.09.29:360][  0]LogConfig: Setting CVar [[r.MaxAnisotropy:8]]
[2023.05.16-18.09.29:360][  0]LogConfig: Setting CVar [[r.VT.MaxAnisotropy:8]]
[2023.05.16-18.09.29:360][  0]LogConfig: Setting CVar [[r.Streaming.LimitPoolSizeToVRAM:0]]
[2023.05.16-18.09.29:360][  0]LogConfig: Setting CVar [[r.Streaming.PoolSize:1000]]
[2023.05.16-18.09.29:360][  0]LogConfig: Setting CVar [[r.Streaming.MaxEffectiveScreenSize:0]]
[2023.05.16-18.09.29:360][  0]LogConfig: Applying CVar settings from Section [EffectsQuality@3] File [../../../Praktinis/Saved/Config/WindowsNoEditor/Scalability.ini]
[2023.05.16-18.09.29:360][  0]LogConfig: Setting CVar [[r.TranslucencyLightingVolumeDim:64]]
[2023.05.16-18.09.29:360][  0]LogConfig: Setting CVar [[r.RefractionQuality:2]]
[2023.05.16-18.09.29:360][  0]LogConfig: Setting CVar [[r.SSR.Quality:3]]
[2023.05.16-18.09.29:360][  0]LogConfig: Setting CVar [[r.SSR.HalfResSceneColor:0]]
[2023.05.16-18.09.29:360][  0]LogConfig: Setting CVar [[r.SceneColorFormat:4]]
[2023.05.16-18.09.29:360][  0]LogConfig: Setting CVar [[r.DetailMode:2]]
[2023.05.16-18.09.29:360][  0]LogConfig: Setting CVar [[r.TranslucencyVolumeBlur:1]]
[2023.05.16-18.09.29:360][  0]LogConfig: Setting CVar [[r.MaterialQualityLevel:1 ; High quality]]
[2023.05.16-18.09.29:360][  0]LogConfig: Setting CVar [[r.AnisotropicMaterials:1]]
[2023.05.16-18.09.29:360][  0]LogConfig: Setting CVar [[r.SSS.Scale:1]]
[2023.05.16-18.09.29:360][  0]LogConfig: Setting CVar [[r.SSS.SampleSet:2]]
[2023.05.16-18.09.29:360][  0]LogConfig: Setting CVar [[r.SSS.Quality:1]]
[2023.05.16-18.09.29:360][  0]LogConfig: Setting CVar [[r.SSS.HalfRes:0]]
[2023.05.16-18.09.29:360][  0]LogConfig: Setting CVar [[r.SSGI.Quality:3]]
[2023.05.16-18.09.29:360][  0]LogConfig: Setting CVar [[r.EmitterSpawnRateScale:1.0]]
[2023.05.16-18.09.29:361][  0]LogConfig: Setting CVar [[r.ParticleLightQuality:2]]
[2023.05.16-18.09.29:361][  0]LogConfig: Setting CVar [[r.SkyAtmosphere.AerialPerspectiveLUT.FastApplyOnOpaque:1 ; Always have FastSkyLUT 1 in this case to avoid wrong sky]]
[2023.05.16-18.09.29:361][  0]LogConfig: Setting CVar [[r.SkyAtmosphere.AerialPerspectiveLUT.SampleCountMaxPerSlice:4]]
[2023.05.16-18.09.29:361][  0]LogConfig: Setting CVar [[r.SkyAtmosphere.AerialPerspectiveLUT.DepthResolution:16.0]]
[2023.05.16-18.09.29:361][  0]LogConfig: Setting CVar [[r.SkyAtmosphere.FastSkyLUT:1]]
[2023.05.16-18.09.29:361][  0]LogConfig: Setting CVar [[r.SkyAtmosphere.FastSkyLUT.SampleCountMin:4.0]]
[2023.05.16-18.09.29:361][  0]LogConfig: Setting CVar [[r.SkyAtmosphere.FastSkyLUT.SampleCountMax:128.0]]
[2023.05.16-18.09.29:361][  0]LogConfig: Setting CVar [[r.SkyAtmosphere.SampleCountMin:4.0]]
[2023.05.16-18.09.29:361][  0]LogConfig: Setting CVar [[r.SkyAtmosphere.SampleCountMax:128.0]]
[2023.05.16-18.09.29:361][  0]LogConfig: Setting CVar [[r.SkyAtmosphere.TransmittanceLUT.UseSmallFormat:0]]
[2023.05.16-18.09.29:361][  0]LogConfig: Setting CVar [[r.SkyAtmosphere.TransmittanceLUT.SampleCount:10.0]]
[2023.05.16-18.09.29:361][  0]LogConfig: Setting CVar [[r.SkyAtmosphere.MultiScatteringLUT.SampleCount:15.0]]
[2023.05.16-18.09.29:361][  0]LogConfig: Setting CVar [[r.SkyLight.RealTimeReflectionCapture:1]]
[2023.05.16-18.09.29:361][  0]LogConfig: Setting CVar [[fx.Niagara.QualityLevel:3]]
[2023.05.16-18.09.29:361][  0]LogConfig: Applying CVar settings from Section [FoliageQuality@3] File [../../../Praktinis/Saved/Config/WindowsNoEditor/Scalability.ini]
[2023.05.16-18.09.29:361][  0]LogConfig: Setting CVar [[foliage.DensityScale:1.0]]
[2023.05.16-18.09.29:361][  0]LogConfig: Setting CVar [[grass.DensityScale:1.0]]
[2023.05.16-18.09.29:361][  0]LogConfig: Applying CVar settings from Section [ShadingQuality@3] File [../../../Praktinis/Saved/Config/WindowsNoEditor/Scalability.ini]
[2023.05.16-18.09.29:361][  0]LogConfig: Setting CVar [[r.HairStrands.SkyLighting.IntegrationType:2]]
[2023.05.16-18.09.29:361][  0]LogConfig: Setting CVar [[r.HairStrands.SkyAO.SampleCount:4]]
[2023.05.16-18.09.29:361][  0]LogConfig: Setting CVar [[r.HairStrands.Visibility.MSAA.SamplePerPixel:4]]
[2023.05.16-18.09.29:361][  0]LogConfig: Applying CVar settings from Section [Startup] File [../../../Engine/Config/ConsoleVariables.ini]
[2023.05.16-18.09.29:361][  0]LogConfig: Setting CVar [[net.UseAdaptiveNetUpdateFrequency:0]]
[2023.05.16-18.09.29:361][  0]LogConfig: Setting CVar [[p.chaos.AllowCreatePhysxBodies:1]]
[2023.05.16-18.09.29:361][  0]LogConfig: Setting CVar [[fx.SkipVectorVMBackendOptimizations:1]]
[2023.05.16-18.09.29:361][  0]LogConfig: Applying CVar settings from Section [ConsoleVariables] File [../../../Praktinis/Saved/Config/WindowsNoEditor/Engine.ini]
[2023.05.16-18.09.29:361][  0]LogInit: Computer: DESKTOP-G6GO8II
[2023.05.16-18.09.29:361][  0]LogInit: User: mantas
[2023.05.16-18.09.29:361][  0]LogInit: CPU Page size=4096, Cores=6
[2023.05.16-18.09.29:361][  0]LogInit: High frequency timer resolution =10.000000 MHz
[2023.05.16-18.09.29:361][  0]LogMemory: Memory total: Physical=31.9GB (32GB approx)
[2023.05.16-18.09.29:361][  0]LogMemory: Platform Memory Stats for WindowsNoEditor
[2023.05.16-18.09.29:361][  0]LogMemory: Process Physical Memory: 78.81 MB used, 78.82 MB peak
[2023.05.16-18.09.29:361][  0]LogMemory: Process Virtual Memory: 82.45 MB used, 82.45 MB peak
[2023.05.16-18.09.29:361][  0]LogMemory: Physical Memory: 16270.88 MB used,  16424.69 MB free, 32695.57 MB total
[2023.05.16-18.09.29:361][  0]LogMemory: Virtual Memory: 134195448.00 MB used,  22276.29 MB free, 134217728.00 MB total
[2023.05.16-18.09.29:367][  0]LogWindows: WindowsPlatformFeatures enabled
[2023.05.16-18.09.29:577][  0]LogInit: Physics initialised using underlying interface: PhysX
[2023.05.16-18.09.29:577][  0]LogInit: Using OS detected language (en-US).
[2023.05.16-18.09.29:577][  0]LogInit: Using OS detected locale (lt-LT).
[2023.05.16-18.09.29:578][  0]LogTextLocalizationManager: No specific localization for 'en-US' exists, so the 'en' localization will be used.
[2023.05.16-18.09.29:578][  0]LogTextLocalizationManager: No localization for 'lt-LT' exists, so 'en' will be used for the locale.
[2023.05.16-18.09.29:609][  0]LogWindowsTextInputMethodSystem: Display: IME system deactivated.
[2023.05.16-18.09.29:633][  0]LogSlate: New Slate User Created.  User Index 0, Is Virtual User: 0
[2023.05.16-18.09.29:633][  0]LogSlate: Slate User Registered.  User Index 0, Is Virtual User: 0
[2023.05.16-18.09.29:665][  0]LogD3D11RHI: Loaded GFSDK_Aftermath_Lib.x64.dll
[2023.05.16-18.09.29:668][  0]LogD3D11RHI: D3D11 min allowed feature level: 11_0
[2023.05.16-18.09.29:668][  0]LogD3D11RHI: D3D11 max allowed feature level: 11_0
[2023.05.16-18.09.29:668][  0]LogD3D11RHI: D3D11 adapters:
[2023.05.16-18.09.29:738][  0]LogD3D11RHI:    0. 'Radeon RX 580 Series' (Feature Level 11_0)
[2023.05.16-18.09.29:738][  0]LogD3D11RHI:       8170/0/16347 MB DedicatedVideo/DedicatedSystem/SharedSystem, Outputs:2, VendorId:0x1002
[2023.05.16-18.09.29:741][  0]LogD3D11RHI:    1. 'Microsoft Basic Render Driver' (Feature Level 11_0)
[2023.05.16-18.09.29:741][  0]LogD3D11RHI:       0/0/16347 MB DedicatedVideo/DedicatedSystem/SharedSystem, Outputs:0, VendorId:0x1414
[2023.05.16-18.09.29:741][  0]LogD3D11RHI: Chosen D3D11 Adapter:
[2023.05.16-18.09.29:741][  0]LogD3D11RHI:     Description : Radeon RX 580 Series
[2023.05.16-18.09.29:741][  0]LogD3D11RHI:     VendorId    : 1002
[2023.05.16-18.09.29:741][  0]LogD3D11RHI:     DeviceId    : 67df
[2023.05.16-18.09.29:741][  0]LogD3D11RHI:     SubSysId    : 34181462
[2023.05.16-18.09.29:741][  0]LogD3D11RHI:     Revision    : 00e7
[2023.05.16-18.09.29:741][  0]LogD3D11RHI:     DedicatedVideoMemory : 8567906304 bytes
[2023.05.16-18.09.29:741][  0]LogD3D11RHI:     DedicatedSystemMemory : 0 bytes
[2023.05.16-18.09.29:741][  0]LogD3D11RHI:     SharedSystemMemory : 17141895168 bytes
[2023.05.16-18.09.29:741][  0]LogD3D11RHI:     AdapterLuid : 0 52440308
[2023.05.16-18.09.29:751][  0]LogD3D11RHI: Creating new Direct3DDevice
[2023.05.16-18.09.29:751][  0]LogD3D11RHI:     GPU DeviceId: 0x67df (for the marketing name, search the web for "GPU Device Id")
[2023.05.16-18.09.29:751][  0]LogWindows: EnumDisplayDevices:
[2023.05.16-18.09.29:751][  0]LogWindows:    0. 'Radeon RX 580 Series' (P:0 D:1)
[2023.05.16-18.09.29:752][  0]LogWindows:    1. 'Radeon RX 580 Series' (P:1 D:1)
[2023.05.16-18.09.29:752][  0]LogWindows:    2. 'Radeon RX 580 Series' (P:0 D:0)
[2023.05.16-18.09.29:753][  0]LogWindows:    3. 'Radeon RX 580 Series' (P:0 D:0)
[2023.05.16-18.09.29:753][  0]LogWindows:    4. 'Radeon RX 580 Series' (P:0 D:0)
[2023.05.16-18.09.29:754][  0]LogWindows:    5. 'Radeon RX 580 Series' (P:0 D:0)
[2023.05.16-18.09.29:754][  0]LogWindows:    6. 'Radeon RX 580 Series' (P:0 D:0)
[2023.05.16-18.09.29:755][  0]LogWindows: DebugString: FoundDriverCount:7 
[2023.05.16-18.09.29:755][  0]LogD3D11RHI:     Adapter Name: Radeon RX 580 Series
[2023.05.16-18.09.29:755][  0]LogD3D11RHI:   Driver Version: AMD Software: Adrenalin Edition 22.20.27.09 (internal:31.0.12027.9001, unified:31.0.12027.9001)
[2023.05.16-18.09.29:755][  0]LogD3D11RHI:      Driver Date: 3-30-2023
[2023.05.16-18.09.29:755][  0]LogRHI: Texture pool is 5182 MB (70% of 7402 MB)
[2023.05.16-18.09.29:768][  0]LogD3D11RHI: Creating D3DDevice with AMD AGS, using adapter:
[2023.05.16-18.09.29:768][  0]LogD3D11RHI:     Description : Radeon RX 580 Series
[2023.05.16-18.09.29:768][  0]LogD3D11RHI:     VendorId    : 1002
[2023.05.16-18.09.29:768][  0]LogD3D11RHI:     DeviceId    : 67df
[2023.05.16-18.09.29:768][  0]LogD3D11RHI:     SubSysId    : 34181462
[2023.05.16-18.09.29:768][  0]LogD3D11RHI:     Revision    : 00e7
[2023.05.16-18.09.29:768][  0]LogD3D11RHI:     DedicatedVideoMemory : 8567906304 bytes
[2023.05.16-18.09.29:768][  0]LogD3D11RHI:     DedicatedSystemMemory : 0 bytes
[2023.05.16-18.09.29:768][  0]LogD3D11RHI:     SharedSystemMemory : 17141895168 bytes
[2023.05.16-18.09.29:768][  0]LogD3D11RHI:     AdapterLuid : 0 52440308
[2023.05.16-18.09.29:834][  0]LogD3D11RHI: Created device via AGS, feature level 11_0, supported extensions 1fffffbf.
[2023.05.16-18.09.29:834][  0]LogD3D11RHI: RHI has support for 64 bit atomics
[2023.05.16-18.09.29:834][  0]LogD3D11RHI: Async texture creation enabled
[2023.05.16-18.09.29:834][  0]LogD3D11RHI: Array index from any shader is supported
[2023.05.16-18.09.29:848][  0]LogD3D11RHI: GPU Timing Frequency: 25.000000 (Debug: 2 1)
[2023.05.16-18.09.29:848][  0]LogRendererCore: Ray tracing is disabled. Reason: r.RayTracing=0.
[2023.05.16-18.09.29:852][  0]LogShaderLibrary: Display: Using ../../../Praktinis/Content/ShaderArchive-Global-PCD3D_SM5.ushaderbytecode for material shader code. Total 1951 unique shaders.
[2023.05.16-18.09.29:852][  0]LogShaderLibrary: Display: Cooked Context: Using Shared Shader Library Global
[2023.05.16-18.09.29:852][  0]LogShaderLibrary: Display: Logical shader library 'Global' has been created, components 1
[2023.05.16-18.09.29:853][  0]LogTemp: Warning: Clearing the OS Cache
[2023.05.16-18.09.29:853][  0]LogODSC: ODSC Thread active.
[2023.05.16-18.09.29:857][  0]LogPakFile: New pak file ../../../Praktinis/Content/Paks/Praktinis-WindowsNoEditor.pak added to pak precacher.
[2023.05.16-18.09.29:886][  0]LogSlate: Using FreeType 2.10.0
[2023.05.16-18.09.29:886][  0]LogSlate: SlateFontServices - WITH_FREETYPE: 1, WITH_HARFBUZZ: 1
[2023.05.16-18.09.29:941][  0]LogShaderLibrary: Display: Using ../../../Praktinis/Content/ShaderArchive-Praktinis-PCD3D_SM5.ushaderbytecode for material shader code. Total 2864 unique shaders.
[2023.05.16-18.09.29:941][  0]LogShaderLibrary: Display: Cooked Context: Using Shared Shader Library Praktinis
[2023.05.16-18.09.29:941][  0]LogShaderLibrary: Display: Logical shader library 'Praktinis' has been created, components 1
[2023.05.16-18.09.29:941][  0]LogRHI: Display: Opened pipeline cache after state change and enqueued 0 of 0 tasks for precompile.
[2023.05.16-18.09.29:942][  0]LogShaderLibrary: Display: Using ../../../Praktinis/Content/ShaderArchive-Praktinis-PCD3D_SM5.ushaderbytecode for material shader code. Total 2864 unique shaders.
[2023.05.16-18.09.29:942][  0]LogShaderLibrary: Display: Cooked Context: Using Shared Shader Library Praktinis
[2023.05.16-18.09.29:942][  0]LogRHI: Display: Opened pipeline cache after state change and enqueued 0 of 0 tasks for precompile.
[2023.05.16-18.09.29:942][  0]LogRHI: Display: Failed to open default shader pipeline cache for Praktinis using shader platform 0.
[2023.05.16-18.09.29:942][  0]LogInit: Using OS detected language (en-US).
[2023.05.16-18.09.29:942][  0]LogInit: Using OS detected locale (lt-LT).
[2023.05.16-18.09.29:943][  0]LogTextLocalizationManager: No localization for 'en-US' exists, so 'en' will be used for the language.
[2023.05.16-18.09.29:943][  0]LogTextLocalizationManager: No localization for 'lt-LT' exists, so 'en' will be used for the locale.
[2023.05.16-18.09.29:945][  0]LogTextLocalizationManager: Compacting localization data took   0.96ms
[2023.05.16-18.09.29:945][  0]LogAssetRegistry: FAssetRegistry took 0.0014 seconds to start up
[2023.05.16-18.09.30:049][  0]LogStreaming: Display: FlushAsyncLoading: 1 QueuedPackages, 0 AsyncPackages
[2023.05.16-18.09.30:049][  0]LogPackageLocalizationCache: Processed 25 localized package path(s) for 1 prioritized culture(s) in 0.000110 seconds
[2023.05.16-18.09.30:055][  0]LogSerialization: Display: AllowBulkDataInIoStore: 'true'
[2023.05.16-18.09.30:055][  0]LogInit: Selected Device Profile: [WindowsNoEditor]
[2023.05.16-18.09.30:056][  0]LogInit: Active device profile: [000001763B3F2980][000001762ECADB70 49] WindowsNoEditor
[2023.05.16-18.09.30:056][  0]LogInit: Profiles: [000001763B3F2C80][00000176387E24A0 49] Windows, [000001763B3F2980][000001762ECADB70 49] WindowsNoEditor, 
[2023.05.16-18.09.30:095][  0]LogNetVersion: Praktinis 1.0.0, NetCL: 17155196, EngineNetVer: 17, GameNetVer: 0 (Checksum: 3357722056)
[2023.05.16-18.09.30:158][  0]LogAudioCaptureCore: Display: No Audio Capture implementations found. Audio input will be silent.
[2023.05.16-18.09.30:158][  0]LogAudioCaptureCore: Display: No Audio Capture implementations found. Audio input will be silent.
[2023.05.16-18.09.30:206][  0]LogMoviePlayer: Initializing movie player
[2023.05.16-18.09.30:207][  0]LogNiagaraDebuggerClient: Niagara Debugger Client Initialized | Session: 55592E6148BF51EF84FEE6BB308F2567 | Instance: 6A9316AE4F6A7FA8CF36ED97B5058815 (DESKTOP-G6GO8II-20972).
[2023.05.16-18.09.30:209][  0]LogAndroidPermission: UAndroidPermissionCallbackProxy::GetInstance
[2023.05.16-18.09.30:213][  0]LogUObjectArray: 15568 objects as part of root set at end of initial load.
[2023.05.16-18.09.30:213][  0]LogUObjectArray: 2 objects are not in the root set, but can never be destroyed because they are in the DisregardForGC set.
[2023.05.16-18.09.30:213][  0]LogUObjectAllocator: 3173512 out of 0 bytes used by permanent object pool.
[2023.05.16-18.09.30:213][  0]LogUObjectArray: CloseDisregardForGC: 15568/15568 objects in disregard for GC pool
[2023.05.16-18.09.30:216][  0]LogEngine: Initializing Engine...
[2023.05.16-18.09.30:217][  0]LogStats: UGameplayTagsManager::InitializeManager -  0.000 s
[2023.05.16-18.09.30:291][  0]LogInit: Initializing FReadOnlyCVARCache
[2023.05.16-18.09.30:291][  0]LogAudio: Display: Initializing Audio Device Manager...
[2023.05.16-18.09.30:291][  0]LogAudio: Display: Loading Default Audio Settings Objects...
[2023.05.16-18.09.30:292][  0]LogAudio: Display: No default SoundConcurrencyObject specified (or failed to load).
[2023.05.16-18.09.30:292][  0]LogAudio: Display: Audio Device Manager Initialized
[2023.05.16-18.09.30:292][  0]LogAudio: Display: Creating Audio Device:                 Id: 1, Scope: Shared, Realtime: True
[2023.05.16-18.09.30:292][  0]LogAudioMixer: Display: Audio Mixer Platform Settings:
[2023.05.16-18.09.30:292][  0]LogAudioMixer: Display: 	Sample Rate:						  48000
[2023.05.16-18.09.30:292][  0]LogAudioMixer: Display: 	Callback Buffer Frame Size Requested: 1024
[2023.05.16-18.09.30:292][  0]LogAudioMixer: Display: 	Callback Buffer Frame Size To Use:	  1024
[2023.05.16-18.09.30:292][  0]LogAudioMixer: Display: 	Number of buffers to queue:			  2
[2023.05.16-18.09.30:292][  0]LogAudioMixer: Display: 	Max Channels (voices):				  32
[2023.05.16-18.09.30:292][  0]LogAudioMixer: Display: 	Number of Async Source Workers:		  0
[2023.05.16-18.09.30:292][  0]LogAudio: Display: AudioDevice MaxSources: 32
[2023.05.16-18.09.30:293][  0]LogAudio: Display: Audio Spatialization Plugin: None (built-in).
[2023.05.16-18.09.30:293][  0]LogAudio: Display: Audio Reverb Plugin: None (built-in).
[2023.05.16-18.09.30:293][  0]LogAudio: Display: Audio Occlusion Plugin: None (built-in).
[2023.05.16-18.09.30:293][  0]LogAudioMixer: Display: Initializing audio mixer.
[2023.05.16-18.09.30:302][  0]LogAudioDebug: Display: Lib vorbis DLL was dynamically loaded.
[2023.05.16-18.09.30:333][  0]LogAudioMixer: Display: 0: FrontLeft
[2023.05.16-18.09.30:333][  0]LogAudioMixer: Display: 1: FrontRight
[2023.05.16-18.09.30:400][  0]LogAudioMixer: Display: Using Audio Device Speakers (Realtek(R) Audio)
[2023.05.16-18.09.30:400][  0]LogAudioMixer: Display: Initializing Sound Submixes...
[2023.05.16-18.09.30:401][  0]LogAudioMixer: Display: Creating Master Submix 'MasterSubmixDefault'
[2023.05.16-18.09.30:402][  0]LogAudioMixer: Display: Creating Master Submix 'MasterReverbSubmixDefault'
[2023.05.16-18.09.30:403][  0]LogAudioMixer: Display: Creating Master Submix 'MasterEQSubmixDefault'
[2023.05.16-18.09.30:403][  0]LogAudioMixer: FMixerPlatformXAudio2::StartAudioStream() called
[2023.05.16-18.09.30:403][  0]LogAudioMixer: Display: Output buffers initialized: Frames=1024, Channels=2, Samples=2048
[2023.05.16-18.09.30:404][  0]LogAudioMixer: Display: Starting AudioMixerPlatformInterface::RunInternal()
[2023.05.16-18.09.30:404][  0]LogAudioMixer: Display: FMixerPlatformXAudio2::SubmitBuffer() called for the first time
[2023.05.16-18.09.30:404][  0]LogInit: FAudioDevice initialized.
[2023.05.16-18.09.30:405][  0]LogNetVersion: Set ProjectVersion to 1.0.0.0. Version Checksum will be recalculated on next use.
[2023.05.16-18.09.30:405][  0]LogInit: Texture streaming: Enabled
[2023.05.16-18.09.30:415][  0]LogAudio: Display: Audio Device (ID: 1) registered with world 'Untitled'.
[2023.05.16-18.09.30:415][  0]LogSlate: Updating window title bar state: overlay mode, drag disabled, window buttons hidden, title bar hidden
[2023.05.16-18.09.30:416][  0]LogInit: Display: Game Engine Initialized.
[2023.05.16-18.09.30:416][  0]LogInit: Display: Starting Game.
[2023.05.16-18.09.30:416][  0]LogNet: Browse: /Game/ThirdPersonBP/Main/Mainmenu?Name=Player
[2023.05.16-18.09.30:416][  0]LogLoad: LoadMap: /Game/ThirdPersonBP/Main/Mainmenu?Name=Player
[2023.05.16-18.09.30:416][  0]LogWorld: BeginTearingDown for /Temp/Untitled_0
[2023.05.16-18.09.30:419][  0]LogWorld: UWorld::CleanupWorld for Untitled, bSessionEnded=true, bCleanupResources=true
[2023.05.16-18.09.30:419][  0]LogSlate: InvalidateAllWidgets triggered.  All widgets were invalidated
[2023.05.16-18.09.30:422][  0]LogAudio: Display: Audio Device unregistered from world 'None'.
[2023.05.16-18.09.30:424][  0]LogUObjectHash: Compacting FUObjectHashTables data took   1.17ms
[2023.05.16-18.09.30:440][  0]LogAudio: Display: Audio Device (ID: 1) registered with world 'Mainmenu'.
[2023.05.16-18.09.30:442][  0]LogAIModule: Creating AISystem for world Mainmenu
[2023.05.16-18.09.30:442][  0]LogLoad: Game class is 'ThirdPersonGameMode_C'
[2023.05.16-18.09.30:444][  0]LogWorld: Bringing World /Game/ThirdPersonBP/Main/Mainmenu.Mainmenu up for play (max tick rate 0) at 2023.05.16-21.09.30
[2023.05.16-18.09.30:444][  0]LogWorld: Bringing up level for play took: 0.000629
[2023.05.16-18.09.30:445][  0]LogGameMode: FindPlayerStart: PATHS NOT DEFINED or NO PLAYERSTART with positive rating
[2023.05.16-18.09.30:447][  0]LogLoad: Took 0.030588 seconds to LoadMap(/Game/ThirdPersonBP/Main/Mainmenu)
[2023.05.16-18.09.30:448][  0]LogSlate: Took 0.000351 seconds to synchronously load lazily loaded font '../../../Engine/Content/EngineFonts/Faces/RobotoBold.ufont' (160K)
[2023.05.16-18.09.30:499][  0]LogSlate: Took 0.000477 seconds to synchronously load lazily loaded font '../../../Engine/Content/Slate/Fonts/Roboto-Regular.ttf' (155K)
[2023.05.16-18.09.30:532][  0]LogRenderer: Reallocating scene render targets to support 1920x1080 Format 10 NumSamples 1 (Frame:1).
[2023.05.16-18.09.30:532][  0]LogRHI: Display: ShaderPipelineCache: Paused Batching. 1
[2023.05.16-18.09.30:532][  0]LogPakFile: AllPaks IndexSizes: DirectoryHashSize=311096, PathHashSize=16, EntriesSize=57344, TotalSize=368456
[2023.05.16-18.09.30:532][  0]LogRHI: Display: ShaderPipelineCache: Resumed Batching. 0
[2023.05.16-18.09.30:532][  0]LogRHI: Display: ShaderPipelineCache: Batching Resumed.
[2023.05.16-18.09.30:532][  0]LogInit: Display: Engine is initialized. Leaving FEngineLoop::Init()
[2023.05.16-18.09.30:532][  0]LogLoad: (Engine Initialization) Total time: 1.55 seconds
[2023.05.16-18.09.30:588][  0]LogContentStreaming: Texture pool size now 1000 MB
[2023.05.16-18.09.34:585][955]LogViewport: Display: Viewport MouseCaptureMode Changed, CapturePermanently_IncludingInitialMouseDown -> CapturePermanently
[2023.05.16-18.09.34:585][955]LogNet: Browse: /Game/ThirdPersonBP/Maps/rpg
[2023.05.16-18.09.34:585][955]LogLoad: LoadMap: /Game/ThirdPersonBP/Maps/rpg
[2023.05.16-18.09.34:585][955]LogWorld: BeginTearingDown for /Game/ThirdPersonBP/Main/Mainmenu
[2023.05.16-18.09.34:586][955]LogWorld: UWorld::CleanupWorld for Mainmenu, bSessionEnded=true, bCleanupResources=true
[2023.05.16-18.09.34:586][955]LogSlate: InvalidateAllWidgets triggered.  All widgets were invalidated
[2023.05.16-18.09.34:610][955]LogAudio: Display: Audio Device unregistered from world 'None'.
[2023.05.16-18.09.34:612][955]LogUObjectHash: Compacting FUObjectHashTables data took   0.86ms
[2023.05.16-18.09.34:616][955]LogStreaming: Display: FlushAsyncLoading: 1 QueuedPackages, 0 AsyncPackages
[2023.05.16-18.09.35:277][955]LogBlueprint: Warning: USimpleConstructionScript::FixupRootNodeParentReferences() - Couldn't find native parent component 'Arrow' for 'Sphere' in BlueprintGeneratedClass 'WolfAI_C' (it may have been removed)
[2023.05.16-18.09.35:434][955]LogAudio: Display: Audio Device (ID: 1) registered with world 'rpg'.
[2023.05.16-18.09.35:435][955]LogAIModule: Creating AISystem for world rpg
[2023.05.16-18.09.35:436][955]LogLoad: Game class is 'ThirdPersonGameMode_C'
[2023.05.16-18.09.35:462][955]LogWorld: Bringing World /Game/ThirdPersonBP/Maps/rpg.rpg up for play (max tick rate 0) at 2023.05.16-21.09.35
[2023.05.16-18.09.35:465][955]LogWorld: Bringing up level for play took: 0.028670
[2023.05.16-18.09.35:475][955]LogLoad: Took 0.889518 seconds to LoadMap(/Game/ThirdPersonBP/Maps/rpg)
[2023.05.16-18.09.35:489][955]LogSlate: Took 0.000631 seconds to synchronously load lazily loaded font '../../../Engine/Content/EngineFonts/Faces/RobotoLight.ufont' (167K)
[2023.05.16-18.09.36:619][970]LogPakFile: Precache HighWater 16MB

[2023.05.16-18.09.51:020][296]LogViewport: Display: Viewport MouseLockMode Changed, LockOnCapture -> DoNotLock
[2023.05.16-18.09.51:020][296]LogViewport: Display: Viewport MouseCaptureMode Changed, CapturePermanently -> CaptureDuringMouseDown
[2023.05.16-18.09.52:715][462]LogPackageName: SearchForPackageOnDisk took   0.050s, but failed to resolve Main_meniu.umap.
[2023.05.16-18.09.52:766][462]LogPackageName: SearchForPackageOnDisk took   0.049s, but failed to resolve Main_meniu.umap.
[2023.05.16-18.09.52:766][462]LogNet: Browse: /Game/ThirdPersonBP/Main/Mainmenu
[2023.05.16-18.09.52:766][462]LogNet: Warning: Travel Failure: [InvalidURL]: Invalid URL: /Game/ThirdPersonBP/Main/Mainmenu
[2023.05.16-18.09.52:766][462]LogNet: TravelFailure: InvalidURL, Reason for Failure: 'Invalid URL: /Game/ThirdPersonBP/Main/Mainmenu'
[2023.05.16-18.09.52:766][462]LogNet: Warning: Travel Failure: [ClientTravelFailure]: Invalid URL: /Game/ThirdPersonBP/Main/Mainmenu
[2023.05.16-18.09.52:766][462]LogNet: TravelFailure: ClientTravelFailure, Reason for Failure: 'Invalid URL: /Game/ThirdPersonBP/Main/Mainmenu'
[2023.05.16-18.09.52:767][463]LogNet: Browse: /Game/ThirdPersonBP/Main/Mainmenu?closed
[2023.05.16-18.09.52:767][463]LogNet: Connection failed; returning to Entry
[2023.05.16-18.09.52:768][463]LogLoad: LoadMap: /Game/ThirdPersonBP/Main/Mainmenu?closed
[2023.05.16-18.09.52:768][463]LogWorld: BeginTearingDown for /Game/ThirdPersonBP/Maps/rpg
[2023.05.16-18.09.52:770][463]LogWorld: UWorld::CleanupWorld for rpg, bSessionEnded=true, bCleanupResources=true
[2023.05.16-18.09.52:779][463]LogSlate: InvalidateAllWidgets triggered.  All widgets were invalidated
[2023.05.16-18.09.52:829][463]LogAudio: Display: Waited 48.917000 ms for audio thread.
[2023.05.16-18.09.52:834][463]LogAudio: Display: Audio Device unregistered from world 'None'.
[2023.05.16-18.09.52:867][463]LogUObjectHash: Compacting FUObjectHashTables data took   1.12ms
[2023.05.16-18.09.52:876][463]LogStreaming: Display: FlushAsyncLoading: 1 QueuedPackages, 0 AsyncPackages
[2023.05.16-18.09.52:885][463]LogAudio: Display: Audio Device (ID: 1) registered with world 'Mainmenu'.
[2023.05.16-18.09.52:887][463]LogAIModule: Creating AISystem for world Mainmenu
[2023.05.16-18.09.52:887][463]LogLoad: Game class is 'ThirdPersonGameMode_C'
[2023.05.16-18.09.52:888][463]LogWorld: Bringing World /Game/ThirdPersonBP/Main/Mainmenu.Mainmenu up for play (max tick rate 0) at 2023.05.16-21.09.52
[2023.05.16-18.09.52:888][463]LogWorld: Bringing up level for play took: 0.000330
[2023.05.16-18.09.52:888][463]LogGameMode: FindPlayerStart: PATHS NOT DEFINED or NO PLAYERSTART with positive rating
[2023.05.16-18.09.52:890][463]LogLoad: Took 0.123157 seconds to LoadMap(/Game/ThirdPersonBP/Main/Mainmenu)
[2023.05.16-18.09.52:902][463]LogUObjectHash: Compacting FUObjectHashTables data took   1.05ms
[2023.05.16-18.09.53:931][714]Closing by request
[2023.05.16-18.09.53:932][714]LogWindows: FPlatformMisc::RequestExit(0)
[2023.05.16-18.09.53:932][714]LogWindows: FPlatformMisc::RequestExitWithStatus(0, 0)
[2023.05.16-18.09.53:932][714]LogCore: Engine exit requested (reason: Win RequestExit)
[2023.05.16-18.09.53:935][715]LogCore: Engine exit requested (reason: EngineExit() was called; note: exit was already requested)
[2023.05.16-18.09.53:935][715]LogInit: Display: PreExit Game.
[2023.05.16-18.09.53:936][715]LogWorld: BeginTearingDown for /Game/ThirdPersonBP/Main/Mainmenu
[2023.05.16-18.09.53:936][715]LogWorld: UWorld::CleanupWorld for Mainmenu, bSessionEnded=true, bCleanupResources=true
[2023.05.16-18.09.53:937][715]LogSlate: InvalidateAllWidgets triggered.  All widgets were invalidated
[2023.05.16-18.09.54:228][715]LogAudio: Display: Beginning Audio Device Manager Shutdown (Module: AudioMixerXAudio2)...
[2023.05.16-18.09.54:228][715]LogAudio: Display: Destroying 1 Remaining Audio Device(s)...
[2023.05.16-18.09.54:228][715]LogAudio: Display: Audio Device unregistered from world 'Mainmenu'.
[2023.05.16-18.09.54:259][715]LogAudioMixer: FMixerPlatformXAudio2::StopAudioStream() called
[2023.05.16-18.09.54:260][715]LogAudioMixer: FMixerPlatformXAudio2::StopAudioStream() called
[2023.05.16-18.09.54:266][715]LogAudio: Display: Audio Device Manager Shutdown
[2023.05.16-18.09.54:266][715]LogSlate: Request Window 'Praktinis (64-bit Development PCD3D_SM5) ' being destroyed
[2023.05.16-18.09.54:272][715]LogSlate: Window 'Praktinis (64-bit Development PCD3D_SM5) ' being destroyed
[2023.05.16-18.09.54:272][715]LogWindowsTextInputMethodSystem: Display: IME system deactivated.
[2023.05.16-18.09.54:286][715]LogExit: Preparing to exit.
[2023.05.16-18.09.54:286][715]LogMoviePlayer: Shutting down movie player
[2023.05.16-18.09.54:289][715]LogSlate: Updating window title bar state: overlay mode, drag disabled, window buttons hidden, title bar hidden
[2023.05.16-18.09.54:299][715]LogExit: Game engine shut down
[2023.05.16-18.09.54:300][715]LogDemo: Cleaned up 0 splitscreen connections with owner deletion
[2023.05.16-18.09.54:332][715]LogExit: Object subsystem successfully closed.
[2023.05.16-18.09.54:349][715]LogModuleManager: Shutting down and abandoning module AutomationController (336)
[2023.05.16-18.09.54:349][715]LogModuleManager: Shutting down and abandoning module AutomationWorker (334)
[2023.05.16-18.09.54:349][715]LogModuleManager: Shutting down and abandoning module Voice (332)
[2023.05.16-18.09.54:349][715]LogModuleManager: Shutting down and abandoning module AIModule (330)
[2023.05.16-18.09.54:349][715]LogModuleManager: Shutting down and abandoning module GameplayDebugger (329)
[2023.05.16-18.09.54:349][715]LogModuleManager: Shutting down and abandoning module NavigationSystem (327)
[2023.05.16-18.09.54:349][715]LogModuleManager: Shutting down and abandoning module WebMMediaFactory (324)
[2023.05.16-18.09.54:349][715]LogModuleManager: Shutting down and abandoning module WebMMedia (322)
[2023.05.16-18.09.54:349][715]LogModuleManager: Shutting down and abandoning module WmfMediaFactory (320)
[2023.05.16-18.09.54:349][715]LogModuleManager: Shutting down and abandoning module OpenExrWrapper (318)
[2023.05.16-18.09.54:349][715]LogModuleManager: Shutting down and abandoning module ImgMediaFactory (316)
[2023.05.16-18.09.54:349][715]LogModuleManager: Shutting down and abandoning module AvfMediaFactory (314)
[2023.05.16-18.09.54:349][715]LogModuleManager: Shutting down and abandoning module CharacterAI (312)
[2023.05.16-18.09.54:349][715]LogModuleManager: Shutting down and abandoning module PlanarCut (310)
[2023.05.16-18.09.54:349][715]LogModuleManager: Shutting down and abandoning module SessionServices (308)
[2023.05.16-18.09.54:349][715]LogModuleManager: Shutting down and abandoning module LiveCoding (306)
[2023.05.16-18.09.54:350][715]LogModuleManager: Shutting down and abandoning module LevelSequence (304)
[2023.05.16-18.09.54:350][715]LogModuleManager: Shutting down and abandoning module MovieSceneTracks (302)
[2023.05.16-18.09.54:350][715]LogModuleManager: Shutting down and abandoning module MovieScene (300)
[2023.05.16-18.09.54:350][715]LogModuleManager: Shutting down and abandoning module StreamingPauseRendering (298)
[2023.05.16-18.09.54:350][715]LogModuleManager: Shutting down and abandoning module AudioMixerXAudio2 (296)
[2023.05.16-18.09.54:350][715]LogModuleManager: Shutting down and abandoning module AudioMixerCore (295)
[2023.05.16-18.09.54:350][715]LogModuleManager: Shutting down and abandoning module ImageWriteQueue (292)
[2023.05.16-18.09.54:350][715]LogModuleManager: Shutting down and abandoning module ProfilerService (290)
[2023.05.16-18.09.54:513][715]LogModuleManager: Shutting down and abandoning module TaskGraph (288)
[2023.05.16-18.09.54:513][715]LogModuleManager: Shutting down and abandoning module Synthesis (286)
[2023.05.16-18.09.54:513][715]LogModuleManager: Shutting down and abandoning module MobilePatchingUtils (284)
[2023.05.16-18.09.54:513][715]LogModuleManager: Shutting down and abandoning module GooglePAD (282)
[2023.05.16-18.09.54:513][715]LogModuleManager: Shutting down and abandoning module CustomMeshComponent (280)
[2023.05.16-18.09.54:513][715]LogModuleManager: Shutting down and abandoning module CableComponent (278)
[2023.05.16-18.09.54:513][715]LogModuleManager: Shutting down and abandoning module AudioCapture (276)
[2023.05.16-18.09.54:513][715]LogModuleManager: Shutting down and abandoning module AudioCaptureRtAudio (275)
[2023.05.16-18.09.54:513][715]LogModuleManager: Shutting down and abandoning module AssetTags (272)
[2023.05.16-18.09.54:513][715]LogModuleManager: Shutting down and abandoning module ArchVisCharacter (270)
[2023.05.16-18.09.54:513][715]LogModuleManager: Shutting down and abandoning module AppleImageUtils (268)
[2023.05.16-18.09.54:513][715]LogModuleManager: Shutting down and abandoning module AndroidPermission (266)
[2023.05.16-18.09.54:513][715]LogModuleManager: Shutting down and abandoning module ActorLayerUtilities (264)
[2023.05.16-18.09.54:513][715]LogModuleManager: Shutting down and abandoning module MediaCompositing (262)
[2023.05.16-18.09.54:513][715]LogModuleManager: Shutting down and abandoning module ImgMedia (260)
[2023.05.16-18.09.54:513][715]LogModuleManager: Shutting down and abandoning module MagicLeapLightEstimation (258)
[2023.05.16-18.09.54:513][715]LogModuleManager: Shutting down and abandoning module MagicLeapHelperVulkan (256)
[2023.05.16-18.09.54:513][715]LogModuleManager: Shutting down and abandoning module MagicLeapHelperOpenGL (254)
[2023.05.16-18.09.54:513][715]LogModuleManager: Shutting down and abandoning module MagicLeapAudio (252)
[2023.05.16-18.09.54:513][715]LogModuleManager: Shutting down and abandoning module MagicLeapSharedWorld (250)
[2023.05.16-18.09.54:513][715]LogModuleManager: Shutting down and abandoning module OpenImageDenoise (248)
[2023.05.16-18.09.54:513][715]LogModuleManager: Shutting down and abandoning module MotoSynth (246)
[2023.05.16-18.09.54:513][715]LogModuleManager: Shutting down and abandoning module ChaosNiagara (244)
[2023.05.16-18.09.54:513][715]LogModuleManager: Shutting down and abandoning module ProceduralMeshComponent (242)
[2023.05.16-18.09.54:513][715]LogModuleManager: Shutting down and abandoning module GeometryCollectionTracks (240)
[2023.05.16-18.09.54:513][715]LogModuleManager: Shutting down and abandoning module EditableMesh (238)
[2023.05.16-18.09.54:513][715]LogModuleManager: Shutting down and abandoning module MeshConversion (236)
[2023.05.16-18.09.54:513][715]LogModuleManager: Shutting down and abandoning module DynamicMesh (234)
[2023.05.16-18.09.54:513][715]LogModuleManager: Shutting down and abandoning module GeometryAlgorithms (232)
[2023.05.16-18.09.54:513][715]LogModuleManager: Shutting down and abandoning module GeometricObjects (230)
[2023.05.16-18.09.54:513][715]LogModuleManager: Shutting down and abandoning module BackChannel (228)
[2023.05.16-18.09.54:513][715]LogModuleManager: Shutting down and abandoning module AutomationUtils (226)
[2023.05.16-18.09.54:513][715]LogModuleManager: Shutting down and abandoning module GeometryCacheTracks (224)
[2023.05.16-18.09.54:513][715]LogModuleManager: Shutting down and abandoning module GeometryCache (222)
[2023.05.16-18.09.54:513][715]LogModuleManager: Shutting down and abandoning module UObjectPlugin (220)
[2023.05.16-18.09.54:513][715]LogModuleManager: Shutting down and abandoning module OodleNetworkHandlerComponent (218)
[2023.05.16-18.09.54:513][715]LogModuleManager: Shutting down and abandoning module TemplateSequence (216)
[2023.05.16-18.09.54:514][715]LogModuleManager: Shutting down and abandoning module AchievementSystem (214)
[2023.05.16-18.09.54:514][715]LogModuleManager: Shutting down and abandoning module TakeMovieScene (212)
[2023.05.16-18.09.54:514][715]LogModuleManager: Shutting down and abandoning module MultiUserClientLibrary (210)
[2023.05.16-18.09.54:514][715]LogModuleManager: Shutting down and abandoning module AudioSynesthesia (208)
[2023.05.16-18.09.54:514][715]LogModuleManager: Shutting down and abandoning module AudioSynesthesiaCore (206)
[2023.05.16-18.09.54:514][715]LogModuleManager: Shutting down and abandoning module SoundFields (204)
[2023.05.16-18.09.54:514][715]LogModuleManager: Shutting down and abandoning module RuntimePhysXCooking (202)
[2023.05.16-18.09.54:514][715]LogModuleManager: Shutting down and abandoning module LocationServicesBPLibrary (198)
[2023.05.16-18.09.54:514][715]LogModuleManager: Shutting down and abandoning module ActorSequence (196)
[2023.05.16-18.09.54:514][715]LogModuleManager: Shutting down and abandoning module UdpMessaging (194)
[2023.05.16-18.09.54:514][715]LogModuleManager: Shutting down and abandoning module TcpMessaging (192)
[2023.05.16-18.09.54:514][715]LogModuleManager: Shutting down and abandoning module ImgMediaEngine (190)
[2023.05.16-18.09.54:514][715]LogModuleManager: Shutting down and abandoning module MagicLeapHandMeshing (188)
[2023.05.16-18.09.54:514][715]LogModuleManager: Shutting down and abandoning module MagicLeapSecureStorage (186)
[2023.05.16-18.09.54:514][715]LogModuleManager: Shutting down and abandoning module MagicLeapPrivileges (184)
[2023.05.16-18.09.54:514][715]LogModuleManager: Shutting down and abandoning module MagicLeapPlanes (182)
[2023.05.16-18.09.54:514][715]LogModuleManager: Shutting down and abandoning module MagicLeapImageTracker (180)
[2023.05.16-18.09.54:514][715]LogModuleManager: Shutting down and abandoning module MagicLeapIdentity (178)
[2023.05.16-18.09.54:514][715]LogModuleManager: Shutting down and abandoning module MagicLeapHandTracking (176)
[2023.05.16-18.09.54:514][715]LogModuleManager: Shutting down and abandoning module MagicLeapEyeTracker (174)
[2023.05.16-18.09.54:514][715]LogModuleManager: Shutting down and abandoning module MagicLeapController (172)
[2023.05.16-18.09.54:514][715]LogSlate: Slate User Destroyed.  User Index 0, Is Virtual User: 0
[2023.05.16-18.09.54:514][715]LogModuleManager: Shutting down and abandoning module MagicLeapARPinImpl (170)
[2023.05.16-18.09.54:514][715]LogModuleManager: Shutting down and abandoning module MagicLeapAR (168)
[2023.05.16-18.09.54:514][715]LogModuleManager: Shutting down and abandoning module AugmentedReality (167)
[2023.05.16-18.09.54:514][715]LogModuleManager: Shutting down and abandoning module MagicLeapARPin (164)
[2023.05.16-18.09.54:514][715]LogModuleManager: Shutting down and abandoning module NiagaraAnimNotifies (162)
[2023.05.16-18.09.54:514][715]LogModuleManager: Shutting down and abandoning module Niagara (160)
[2023.05.16-18.09.54:514][715]LogModuleManager: Shutting down and abandoning module SignalProcessing (159)
[2023.05.16-18.09.54:514][715]LogModuleManager: Shutting down and abandoning module NiagaraCore (156)
[2023.05.16-18.09.54:514][715]LogModuleManager: Shutting down and abandoning module FacialAnimation (154)
[2023.05.16-18.09.54:514][715]LogModuleManager: Shutting down and abandoning module SignificanceManager (152)
[2023.05.16-18.09.54:514][715]LogModuleManager: Shutting down and abandoning module AnimationSharing (150)
[2023.05.16-18.09.54:514][715]LogModuleManager: Shutting down and abandoning module GameplayCameras (148)
[2023.05.16-18.09.54:514][715]LogModuleManager: Shutting down and abandoning module LightPropagationVolumeRuntime (146)
[2023.05.16-18.09.54:514][715]LogModuleManager: Shutting down and abandoning module Paper2D (144)
[2023.05.16-18.09.54:514][715]LogModuleManager: Shutting down and abandoning module SQLiteCore (142)
[2023.05.16-18.09.54:514][715]LogModuleManager: Shutting down and abandoning module WindowsMoviePlayer (140)
[2023.05.16-18.09.54:514][715]LogModuleManager: Shutting down and abandoning module WebMMoviePlayer (138)
[2023.05.16-18.09.54:514][715]LogModuleManager: Shutting down and abandoning module NetworkReplayStreaming (136)
[2023.05.16-18.09.54:514][715]LogModuleManager: Shutting down and abandoning module PacketHandler (134)
[2023.05.16-18.09.54:514][715]LogModuleManager: Shutting down and abandoning module ClothingSystemRuntimeNv (132)
[2023.05.16-18.09.54:515][715]LogModuleManager: Shutting down and abandoning module MediaAssets (130)
[2023.05.16-18.09.54:515][715]LogModuleManager: Shutting down and abandoning module Overlay (128)
[2023.05.16-18.09.54:515][715]LogModuleManager: Shutting down and abandoning module FunctionalTesting (126)
[2023.05.16-18.09.54:515][715]LogModuleManager: Shutting down and abandoning module MessageLog (124)
[2023.05.16-18.09.54:515][715]LogModuleManager: Shutting down and abandoning module UMG (122)
[2023.05.16-18.09.54:515][715]LogModuleManager: Shutting down and abandoning module SlateReflector (120)
[2023.05.16-18.09.54:515][715]LogModuleManager: Shutting down and abandoning module Slate (118)
[2023.05.16-18.09.54:515][715]LogModuleManager: Shutting down and abandoning module SlateCore (116)
[2023.05.16-18.09.54:516][715]LogModuleManager: Shutting down and abandoning module MRMesh (114)
[2023.05.16-18.09.54:516][715]LogModuleManager: Shutting down and abandoning module Messaging (112)
[2023.05.16-18.09.54:516][715]LogModuleManager: Shutting down and abandoning module HeadMountedDisplay (110)
[2023.05.16-18.09.54:516][715]LogModuleManager: Shutting down and abandoning module XAudio2 (108)
[2023.05.16-18.09.54:516][715]LogModuleManager: Shutting down and abandoning module Networking (106)
[2023.05.16-18.09.54:516][715]LogModuleManager: Shutting down and abandoning module Core (104)
[2023.05.16-18.09.54:516][715]LogModuleManager: Shutting down and abandoning module FieldSystemEngine (102)
[2023.05.16-18.09.54:516][715]LogModuleManager: Shutting down and abandoning module ImageWrapper (98)
[2023.05.16-18.09.54:516][715]LogModuleManager: Shutting down and abandoning module D3D11RHI (96)
[2023.05.16-18.09.54:516][715]LogModuleManager: Shutting down and abandoning module InputCore (94)
[2023.05.16-18.09.54:516][715]LogModuleManager: Shutting down and abandoning module Settings (92)
[2023.05.16-18.09.54:517][715]LogModuleManager: Shutting down and abandoning module PhysXCooking (90)
[2023.05.16-18.09.54:517][715]LogModuleManager: Shutting down and abandoning module Chaos (88)
[2023.05.16-18.09.54:517][715]LogModuleManager: Shutting down and abandoning module WindowsPlatformFeatures (86)
[2023.05.16-18.09.54:517][715]LogModuleManager: Shutting down and abandoning module GameplayMediaEncoder (85)
[2023.05.16-18.09.54:517][715]LogModuleManager: Shutting down and abandoning module AVEncoder (84)
[2023.05.16-18.09.54:517][715]LogModuleManager: Shutting down and abandoning module ExampleDeviceProfileSelector (80)
[2023.05.16-18.09.54:517][715]LogModuleManager: Shutting down and abandoning module ChunkDownloader (78)
[2023.05.16-18.09.54:517][715]LogModuleManager: Shutting down and abandoning module LauncherChunkInstaller (76)
[2023.05.16-18.09.54:517][715]LogModuleManager: Shutting down and abandoning module OnlineSubsystem (72)
[2023.05.16-18.09.54:517][715]LogModuleManager: Shutting down and abandoning module HTTP (67)
[2023.05.16-18.09.54:517][715]LogHttp: Display: cleaning up 0 outstanding Http requests.
[2023.05.16-18.09.54:535][715]LogModuleManager: Shutting down and abandoning module SSL (66)
[2023.05.16-18.09.54:536][715]LogModuleManager: Shutting down and abandoning module WmfMedia (62)
[2023.05.16-18.09.54:536][715]LogModuleManager: Shutting down and abandoning module Media (61)
[2023.05.16-18.09.54:537][715]LogModuleManager: Shutting down and abandoning module MediaInfo (60)
[2023.05.16-18.09.54:537][715]LogModuleManager: Shutting down and abandoning module ExrReaderGpu (56)
[2023.05.16-18.09.54:537][715]LogModuleManager: Shutting down and abandoning module MLSDK (54)
[2023.05.16-18.09.54:537][715]LogModuleManager: Shutting down and abandoning module MagicLeap (52)
[2023.05.16-18.09.54:537][715]LogModuleManager: Shutting down and abandoning module NiagaraVertexFactories (50)
[2023.05.16-18.09.54:537][715]LogModuleManager: Shutting down and abandoning module NiagaraShader (48)
[2023.05.16-18.09.54:537][715]LogModuleManager: Shutting down and abandoning module ChaosCloth (46)
[2023.05.16-18.09.54:537][715]LogModuleManager: Shutting down and abandoning module VariantManagerContent (44)
[2023.05.16-18.09.54:537][715]LogModuleManager: Shutting down and abandoning module DatasmithContent (42)
[2023.05.16-18.09.54:537][715]LogModuleManager: Shutting down and abandoning module PixWinPlugin (40)
[2023.05.16-18.09.54:537][715]LogModuleManager: Shutting down and abandoning module AISupportModule (38)
[2023.05.16-18.09.54:537][715]LogModuleManager: Shutting down and abandoning module PlatformCryptoOpenSSL (36)
[2023.05.16-18.09.54:537][715]LogModuleManager: Shutting down and abandoning module PlatformCryptoTypes (34)
[2023.05.16-18.09.54:537][715]LogModuleManager: Shutting down and abandoning module PlatformCrypto (32)
[2023.05.16-18.09.54:537][715]LogModuleManager: Shutting down and abandoning module PythonScriptPluginPreload (30)
[2023.05.16-18.09.54:537][715]LogModuleManager: Shutting down and abandoning module OodleDataCompressionFormat (28)
[2023.05.16-18.09.54:537][715]LogModuleManager: Shutting down and abandoning module RenderCore (26)
[2023.05.16-18.09.54:537][715]LogModuleManager: Shutting down and abandoning module Landscape (24)
[2023.05.16-18.09.54:537][715]LogModuleManager: Shutting down and abandoning module SlateRHIRenderer (22)
[2023.05.16-18.09.54:537][715]LogModuleManager: Shutting down and abandoning module AnimGraphRuntime (20)
[2023.05.16-18.09.54:537][715]LogModuleManager: Shutting down and abandoning module Renderer (18)
[2023.05.16-18.09.54:537][715]LogModuleManager: Shutting down and abandoning module Engine (16)
[2023.05.16-18.09.54:537][715]LogModuleManager: Shutting down and abandoning module CoreUObject (14)
[2023.05.16-18.09.54:537][715]LogModuleManager: Shutting down and abandoning module NetworkFile (12)
[2023.05.16-18.09.54:537][715]LogModuleManager: Shutting down and abandoning module CookedIterativeFile (10)
[2023.05.16-18.09.54:537][715]LogModuleManager: Shutting down and abandoning module StreamingFile (8)
[2023.05.16-18.09.54:538][715]LogModuleManager: Shutting down and abandoning module SandboxFile (6)
[2023.05.16-18.09.54:538][715]LogModuleManager: Shutting down and abandoning module PakFile (4)
[2023.05.16-18.09.54:539][715]LogModuleManager: Shutting down and abandoning module RSA (3)
[2023.05.16-18.09.54:539][715]LogContentStreaming: Display: There are 1 unreleased StreamingManagers
[2023.05.16-18.09.54:547][715]LogD3D11RHI: Shutdown
[2023.05.16-18.09.54:547][715]LogD3D11RHI: CleanupD3DDevice
[2023.05.16-18.09.54:555][715]LogExit: Exiting.
[2023.05.16-18.09.54:558][715]Log file closed, 05/16/23 21:09:54
